\BOOKMARK [1][-]{section.1}{\376\377\176\352\213\272}{}% 1
\BOOKMARK [2][-]{subsection.1.1}{\376\377\220\011\230\230\200\314\146\157}{section.1}% 2
\BOOKMARK [2][-]{subsection.1.2}{\376\377\126\375\121\205\131\026\163\260\162\266\123\312\123\321\134\125\215\213\122\277}{section.1}% 3
\BOOKMARK [2][-]{subsection.1.3}{\376\377\147\054\145\207\116\073\211\201\135\345\117\134\116\016\215\041\163\056}{section.1}% 4
\BOOKMARK [1][-]{section.2}{\376\377\000I\000N\000T\0008\000\040\000C\000I\000M\226\065\122\027\147\266\147\204\213\276\213\241}{}% 5
\BOOKMARK [2][-]{subsection.2.1}{\376\377\145\160\133\127\000S\000R\000A\000M\000-\000C\000I\000M\166\204\116\044\171\315\133\236\163\260\147\201\172\357\116\016\147\054\213\276\213\241\133\232\117\115}{section.2}% 6
\BOOKMARK [3][-]{subsubsection.2.1.1}{\376\377\133\236\163\260\147\201\172\357\116\000\377\032\153\324\162\171\176\247\000\040\000b\000i\000t\000-\000s\000e\000r\000i\000a\000l\000\040\000p\000o\000p\000c\000o\000u\000n\000t\000\040\147\266\147\204}{subsection.2.1}% 7
\BOOKMARK [3][-]{subsubsection.2.1.2}{\376\377\133\236\163\260\147\201\172\357\116\214\377\032\133\127\176\247\210\114\116\072\136\372\152\041\000M\000A\000C\147\266\147\204\377\010\147\054\213\376\230\230\377\011}{subsection.2.1}% 8
\BOOKMARK [3][-]{subsubsection.2.1.3}{\376\377\116\044\171\315\147\201\172\357\166\204\133\371\153\324\116\016\147\054\213\276\213\241\166\204\123\326\202\015}{subsection.2.1}% 9
\BOOKMARK [2][-]{subsection.2.2}{\376\377\145\164\117\123\147\266\147\204}{section.2}% 10
\BOOKMARK [2][-]{subsection.2.3}{\376\377\000C\000I\000M\000\040\000T\000i\000l\000e\213\276\213\241}{section.2}% 11
\BOOKMARK [2][-]{subsection.2.4}{\376\377\133\130\120\250\133\120\174\373\176\337}{section.2}% 12
\BOOKMARK [3][-]{subsubsection.2.4.1}{\376\377\147\103\221\315\000S\000R\000A\000M\166\204\000B\000R\000A\000M\143\250\145\255\225\356\230\230\116\016\000b\000a\000n\000k\142\306\122\006\145\271\150\110}{subsection.2.4}% 13
\BOOKMARK [3][-]{subsubsection.2.4.2}{\376\377\120\117\177\156\000S\000R\000A\000M\116\016\217\223\121\145\177\023\121\262}{subsection.2.4}% 14
\BOOKMARK [2][-]{subsection.2.5}{\376\377\221\317\123\026\116\016\221\315\133\232\150\007}{section.2}% 15
\BOOKMARK [2][-]{subsection.2.6}{\376\377\000A\000X\000I\0004\000-\000L\000i\000t\000e\143\245\123\343}{section.2}% 16
\BOOKMARK [2][-]{subsection.2.7}{\376\377\0007\176\247\155\101\154\064\176\277\162\266\140\001\147\072}{section.2}% 17
\BOOKMARK [1][-]{section.3}{\376\377\000P\000i\000c\000o\000R\000V\0003\0002\000\040\000R\000I\000S\000C\000-\000V\217\157\150\070\226\306\142\020}{}% 18
\BOOKMARK [2][-]{subsection.3.1}{\376\377\213\276\213\241\122\250\147\072}{section.3}% 19
\BOOKMARK [2][-]{subsection.3.2}{\376\377\174\373\176\337\147\266\147\204}{section.3}% 20
\BOOKMARK [2][-]{subsection.3.3}{\376\377\000B\000u\000s\000\040\000B\000r\000i\000d\000g\000e\116\016\127\060\127\100\146\040\134\004}{section.3}% 21
\BOOKMARK [2][-]{subsection.3.4}{\376\377\152\041\127\213\211\304\152\041\176\246\147\137}{section.3}% 22
\BOOKMARK [1][-]{section.4}{\376\377\000F\000P\000G\000A\232\214\213\301\116\016\140\047\200\375\213\304\117\060}{}% 23
\BOOKMARK [2][-]{subsection.4.1}{\376\377\232\214\213\301\145\271\154\325\133\146}{section.4}% 24
\BOOKMARK [2][-]{subsection.4.2}{\376\377\000P\000Y\000N\000Q\000-\000Z\0002\176\374\124\010\176\323\147\234}{section.4}% 25
\BOOKMARK [2][-]{subsection.4.3}{\376\377\000M\000L\000P\177\121\176\334\143\250\164\006\232\214\213\301}{section.4}% 26
\BOOKMARK [2][-]{subsection.4.4}{\376\377\000L\000e\000N\000e\000t\000-\0005\000\040\000C\000N\000N\143\250\164\006\232\214\213\301}{section.4}% 27
\BOOKMARK [2][-]{subsection.4.5}{\376\377\000S\000Q\000-\000m\000a\000p\000p\000i\000n\000g\000\040\217\157\116\366\146\040\134\004\117\030\123\026}{section.4}% 28
\BOOKMARK [2][-]{subsection.4.6}{\376\377\122\240\220\037\153\324\122\006\147\220}{section.4}% 29
\BOOKMARK [3][-]{subsubsection.4.6.1}{\376\377\164\006\213\272\122\006\147\220}{subsection.4.6}% 30
\BOOKMARK [3][-]{subsubsection.4.6.2}{\376\377\170\154\116\366\143\250\164\006\145\366\225\364}{subsection.4.6}% 31
\BOOKMARK [3][-]{subsubsection.4.6.3}{\376\377\172\357\122\060\172\357\136\366\217\337\142\306\211\343\116\016\164\366\230\210\122\006\147\220}{subsection.4.6}% 32
\BOOKMARK [3][-]{subsubsection.4.6.4}{\376\377\217\157\116\366\127\372\176\277\116\016\122\240\220\037\153\324}{subsection.4.6}% 33
\BOOKMARK [2][-]{subsection.4.7}{\376\377\0005\0005\000\040\000M\000H\000z\145\366\136\217\145\066\145\133\123\330\117\123}{section.4}% 34
\BOOKMARK [2][-]{subsection.4.8}{\376\377\000A\000X\000I\0004\000-\000S\000t\000r\000e\000a\000m\000\040\000+\000\040\000D\000M\000A\145\160\143\156\220\032\215\357\221\315\147\204}{section.4}% 35
\BOOKMARK [3][-]{subsubsection.4.8.1}{\376\377\174\373\176\337\142\323\142\121}{subsection.4.8}% 36
\BOOKMARK [3][-]{subsubsection.4.8.2}{\376\377\121\163\225\056\213\276\213\241\121\263\173\126}{subsection.4.8}% 37
\BOOKMARK [3][-]{subsubsection.4.8.3}{\376\377\000R\000T\000L\145\071\122\250\211\304\152\041}{subsection.4.8}% 38
\BOOKMARK [3][-]{subsubsection.4.8.4}{\376\377\164\006\213\272\136\046\133\275\116\016\230\204\155\113\136\366\217\337}{subsection.4.8}% 39
\BOOKMARK [3][-]{subsubsection.4.8.5}{\376\377\133\236\155\113\140\047\200\375}{subsection.4.8}% 40
\BOOKMARK [3][-]{subsubsection.4.8.6}{\376\377\232\214\145\066\150\007\121\306\116\016\000b\000i\000t\000-\000e\000x\000a\000c\000t\117\335\226\234}{subsection.4.8}% 41
\BOOKMARK [2][-]{subsection.4.9}{\376\377\000P\000i\000c\000o\000R\000V\0003\0002\232\214\213\301\176\323\147\234}{section.4}% 42
\BOOKMARK [3][-]{subsubsection.4.9.1}{\376\377\000P\000i\000c\000o\000R\000V\0003\0002\122\237\200\375\232\214\213\301}{subsection.4.9}% 43
\BOOKMARK [2][-]{subsection.4.10}{\376\377\116\044\171\315\143\247\122\066\152\041\137\017\133\371\153\324}{section.4}% 44
\BOOKMARK [1][-]{section.5}{\376\377\140\073\176\323\116\016\134\125\147\033}{}% 45
\BOOKMARK [2][-]{subsection.5.1}{\376\377\135\345\117\134\140\073\176\323}{section.5}% 46
\BOOKMARK [2][-]{subsection.5.2}{\376\377\116\015\215\263\116\016\134\125\147\033}{section.5}% 47
\BOOKMARK [1][-]{section.6}{\376\377\123\302\200\003\145\207\163\056}{}% 48
